TN:
SF:/Users/mayorov/workspace/github/stat-sender/lib/index.js
FN:1,(anonymous_0)
FN:1,o
FN:1,t
FN:1,(anonymous_3)
FN:1,(anonymous_4)
FN:1,(anonymous_5)
FN:1,(anonymous_6)
FNF:7
FNH:1
FNDA:1,(anonymous_0)
FNDA:0,o
FNDA:0,t
FNDA:0,(anonymous_3)
FNDA:0,(anonymous_4)
FNDA:0,(anonymous_5)
FNDA:0,(anonymous_6)
DA:1,1
LF:1
LH:1
BRDA:1,0,0,0
BRDA:1,0,1,0
BRDA:1,1,0,0
BRDA:1,1,1,0
BRDA:1,2,0,0
BRDA:1,2,1,0
BRDA:1,3,0,0
BRDA:1,3,1,0
BRDA:1,4,0,0
BRDA:1,4,1,0
BRDA:1,4,2,0
BRDA:1,5,0,0
BRDA:1,5,1,0
BRDA:1,6,0,1
BRDA:1,6,1,0
BRDA:1,6,2,0
BRDA:1,6,3,1
BRDA:1,7,0,0
BRDA:1,7,1,1
BRDA:1,8,0,0
BRDA:1,8,1,1
BRDA:1,9,0,1
BRDA:1,9,1,0
BRDA:1,10,0,0
BRDA:1,10,1,1
BRF:25
BRH:6
end_of_record
